<?xml version="1.0" encoding="UTF-8"?>
<!-- Generated by org.testng.reporters.JUnitXMLReporter -->
<testsuite hostname="EG-QA-Engy" ignored="0" name="Test" tests="8" failures="1" timestamp="2021-11-11T16:29:32 EET" time="721.275" errors="0">
  <testcase name="tempEmailcreation" time="27.3" classname="employeeTC.registration"/>
  <testcase name="addIdea" time="8.567" classname="employeeTC.employeeAddIdeaTC02"/>
  <testcase name="addnewChallenge" time="4.299" classname="superAdmin_ChallengeCreation.CreateChallenge"/>
  <testcase name="employeeaddidea" time="32.972" classname="superAdmin_ChallengeCreation.CreateChallenge"/>
  <testcase name="sAdminevaluatesIdea" time="108.585" classname="superAdmin_ChallengeCreation.CreateChallenge">
    <failure type="org.openqa.selenium.NoSuchElementException" message="no such element: Unable to locate element: {&amp;quot;method&amp;quot;:&amp;quot;xpath&amp;quot;,&amp;quot;selector&amp;quot;:&amp;quot;//div[text()=&amp;apos; Shortlisted Ideas &amp;apos;]/parent::div/child::div[2]/child::div[1]/child::div[3]/child::ite-idea-card/child::div[1]/child::div[2]/child::div[1]/child::div[2]/child::div[1]/i&amp;quot;}
  (Session info: chrome=95.0.4638.69)
For documentation on this error, please visit: https://www.seleniumhq.org/exceptions/no_such_element.html
Build info: version: &amp;apos;3.141.59&amp;apos;, revision: &amp;apos;e82be7d358&amp;apos;, time: &amp;apos;2018-11-14T08:17:03&amp;apos;
System info: host: &amp;apos;EG-QA-ENGY&amp;apos;, ip: &amp;apos;128.227.250.105&amp;apos;, os.name: &amp;apos;Windows 10&amp;apos;, os.arch: &amp;apos;amd64&amp;apos;, os.version: &amp;apos;10.0&amp;apos;, java.version: &amp;apos;1.8.0_311&amp;apos;
Driver info: org.openqa.selenium.chrome.ChromeDriver
Capabilities {acceptInsecureCerts: false, browserName: chrome, browserVersion: 95.0.4638.69, chrome: {chromedriverVersion: 95.0.4638.17 (a9d0719444d4b..., userDataDir: C:\Users\ihuser\AppData\Loc...}, goog:chromeOptions: {debuggerAddress: localhost:7882}, javascriptEnabled: true, networkConnectionEnabled: false, pageLoadStrategy: normal, platform: WINDOWS, platformName: WINDOWS, proxy: Proxy(), setWindowRect: true, strictFileInteractability: false, timeouts: {implicit: 0, pageLoad: 300000, script: 30000}, unhandledPromptBehavior: dismiss and notify, webauthn:extension:credBlob: true, webauthn:extension:largeBlob: true, webauthn:virtualAuthenticators: true}
Session ID: cc3071ea8fd3233369eb2d230fe7f8ab
*** Element info: {Using=xpath, value=//div[text()=&amp;apos; Shortlisted Ideas &amp;apos;]/parent::div/child::div[2]/child::div[1]/child::div[3]/child::ite-idea-card/child::div[1]/child::div[2]/child::div[1]/child::div[2]/child::div[1]/i}">
      <![CDATA[org.openqa.selenium.NoSuchElementException: no such element: Unable to locate element: {"method":"xpath","selector":"//div[text()=' Shortlisted Ideas ']/parent::div/child::div[2]/child::div[1]/child::div[3]/child::ite-idea-card/child::div[1]/child::div[2]/child::div[1]/child::div[2]/child::div[1]/i"}
  (Session info: chrome=95.0.4638.69)
For documentation on this error, please visit: https://www.seleniumhq.org/exceptions/no_such_element.html
Build info: version: '3.141.59', revision: 'e82be7d358', time: '2018-11-14T08:17:03'
System info: host: 'EG-QA-ENGY', ip: '128.227.250.105', os.name: 'Windows 10', os.arch: 'amd64', os.version: '10.0', java.version: '1.8.0_311'
Driver info: org.openqa.selenium.chrome.ChromeDriver
Capabilities {acceptInsecureCerts: false, browserName: chrome, browserVersion: 95.0.4638.69, chrome: {chromedriverVersion: 95.0.4638.17 (a9d0719444d4b..., userDataDir: C:\Users\ihuser\AppData\Loc...}, goog:chromeOptions: {debuggerAddress: localhost:7882}, javascriptEnabled: true, networkConnectionEnabled: false, pageLoadStrategy: normal, platform: WINDOWS, platformName: WINDOWS, proxy: Proxy(), setWindowRect: true, strictFileInteractability: false, timeouts: {implicit: 0, pageLoad: 300000, script: 30000}, unhandledPromptBehavior: dismiss and notify, webauthn:extension:credBlob: true, webauthn:extension:largeBlob: true, webauthn:virtualAuthenticators: true}
Session ID: cc3071ea8fd3233369eb2d230fe7f8ab
*** Element info: {Using=xpath, value=//div[text()=' Shortlisted Ideas ']/parent::div/child::div[2]/child::div[1]/child::div[3]/child::ite-idea-card/child::div[1]/child::div[2]/child::div[1]/child::div[2]/child::div[1]/i}
at org.openqa.selenium.remote.http.W3CHttpResponseCodec.createException(W3CHttpResponseCodec.java:187)
at org.openqa.selenium.remote.http.W3CHttpResponseCodec.decode(W3CHttpResponseCodec.java:122)
at org.openqa.selenium.remote.http.W3CHttpResponseCodec.decode(W3CHttpResponseCodec.java:49)
at org.openqa.selenium.remote.HttpCommandExecutor.execute(HttpCommandExecutor.java:158)
at org.openqa.selenium.remote.service.DriverCommandExecutor.execute(DriverCommandExecutor.java:83)
at org.openqa.selenium.remote.RemoteWebDriver.execute(RemoteWebDriver.java:552)
at org.openqa.selenium.remote.RemoteWebDriver.findElement(RemoteWebDriver.java:323)
at org.openqa.selenium.remote.RemoteWebDriver.findElementByXPath(RemoteWebDriver.java:428)
at org.openqa.selenium.By$ByXPath.findElement(By.java:353)
at org.openqa.selenium.remote.RemoteWebDriver.findElement(RemoteWebDriver.java:315)
at org.openqa.selenium.support.ui.ExpectedConditions$7.apply(ExpectedConditions.java:205)
at org.openqa.selenium.support.ui.ExpectedConditions$7.apply(ExpectedConditions.java:201)
at org.openqa.selenium.support.ui.FluentWait.until(FluentWait.java:249)
at pageObjectModels.CrowedEvaluationPage.clickShortlisted(CrowedEvaluationPage.java:60)
at superAdmin_ChallengeCreation.SAdminChallengeevaluation.evaluation(SAdminChallengeevaluation.java:110)
at superAdmin_ChallengeCreation.CreateChallenge.sAdminevaluatesIdea(CreateChallenge.java:100)
at java.util.ArrayList.forEach(Unknown Source)
... Removed 31 stack frames]]>
    </failure>
  </testcase> <!-- sAdminevaluatesIdea -->
  <testcase name="addIdeaToChallenge" time="0.001" classname="superAdmin_ChallengeCreation.EmployeeAddIdeaToChallenge"/>
  <testcase name="expertReview" time="431.405" classname="superAdminTC.quarterEvaluation"/>
  <testcase name="homePagevalidation" time="2.894" classname="employeeTC.HomeEmployee"/>
</testsuite> <!-- Test -->
