<?xml version="1.0" encoding="UTF-8"?>
<!-- Generated by org.testng.reporters.JUnitXMLReporter -->
<testsuite ignored="0" hostname="EG-QA-Engy" failures="0" tests="4" name="Test" time="3.741" errors="0" timestamp="2021-10-31T19:54:43 EET">
  <testcase classname="employeeTC.HomeEmployee" name="@BeforeTest tearup" time="3.674">
    <failure type="org.openqa.selenium.WebDriverException" message="unknown error: net::ERR_NAME_NOT_RESOLVED
  (Session info: chrome=95.0.4638.54)
Build info: version: &amp;apos;3.141.59&amp;apos;, revision: &amp;apos;e82be7d358&amp;apos;, time: &amp;apos;2018-11-14T08:17:03&amp;apos;
System info: host: &amp;apos;EG-QA-ENGY&amp;apos;, ip: &amp;apos;128.227.250.104&amp;apos;, os.name: &amp;apos;Windows 10&amp;apos;, os.arch: &amp;apos;amd64&amp;apos;, os.version: &amp;apos;10.0&amp;apos;, java.version: &amp;apos;13.0.1&amp;apos;
Driver info: org.openqa.selenium.chrome.ChromeDriver
Capabilities {acceptInsecureCerts: false, browserName: chrome, browserVersion: 95.0.4638.54, chrome: {chromedriverVersion: 95.0.4638.17 (a9d0719444d4b..., userDataDir: C:\Users\ihuser\AppData\Loc...}, goog:chromeOptions: {debuggerAddress: localhost:20564}, javascriptEnabled: true, networkConnectionEnabled: false, pageLoadStrategy: normal, platform: WINDOWS, platformName: WINDOWS, proxy: Proxy(), setWindowRect: true, strictFileInteractability: false, timeouts: {implicit: 0, pageLoad: 300000, script: 30000}, unhandledPromptBehavior: dismiss and notify, webauthn:extension:credBlob: true, webauthn:extension:largeBlob: true, webauthn:virtualAuthenticators: true}
Session ID: 4968808d66bb7cc2a919578fa6dcafd0">
      <![CDATA[org.openqa.selenium.WebDriverException: unknown error: net::ERR_NAME_NOT_RESOLVED
  (Session info: chrome=95.0.4638.54)
Build info: version: '3.141.59', revision: 'e82be7d358', time: '2018-11-14T08:17:03'
System info: host: 'EG-QA-ENGY', ip: '128.227.250.104', os.name: 'Windows 10', os.arch: 'amd64', os.version: '10.0', java.version: '13.0.1'
Driver info: org.openqa.selenium.chrome.ChromeDriver
Capabilities {acceptInsecureCerts: false, browserName: chrome, browserVersion: 95.0.4638.54, chrome: {chromedriverVersion: 95.0.4638.17 (a9d0719444d4b..., userDataDir: C:\Users\ihuser\AppData\Loc...}, goog:chromeOptions: {debuggerAddress: localhost:20564}, javascriptEnabled: true, networkConnectionEnabled: false, pageLoadStrategy: normal, platform: WINDOWS, platformName: WINDOWS, proxy: Proxy(), setWindowRect: true, strictFileInteractability: false, timeouts: {implicit: 0, pageLoad: 300000, script: 30000}, unhandledPromptBehavior: dismiss and notify, webauthn:extension:credBlob: true, webauthn:extension:largeBlob: true, webauthn:virtualAuthenticators: true}
Session ID: 4968808d66bb7cc2a919578fa6dcafd0
at org.openqa.selenium.remote.http.W3CHttpResponseCodec.createException(W3CHttpResponseCodec.java:187)
at org.openqa.selenium.remote.http.W3CHttpResponseCodec.decode(W3CHttpResponseCodec.java:122)
at org.openqa.selenium.remote.http.W3CHttpResponseCodec.decode(W3CHttpResponseCodec.java:49)
at org.openqa.selenium.remote.HttpCommandExecutor.execute(HttpCommandExecutor.java:158)
at org.openqa.selenium.remote.service.DriverCommandExecutor.execute(DriverCommandExecutor.java:83)
at org.openqa.selenium.remote.RemoteWebDriver.execute(RemoteWebDriver.java:552)
at org.openqa.selenium.remote.RemoteWebDriver.get(RemoteWebDriver.java:277)
at employeeTC.HomeEmployee.tearup(HomeEmployee.java:35)
... Removed 33 stack frames]]>
    </failure>
  </testcase> <!-- @BeforeTest tearup -->
  <testcase classname="employeeTC.Login" name="@BeforeTest tearup" time="-1.635702882995E9">
    <skipped/>
  </testcase> <!-- @BeforeTest tearup -->
  <testcase classname="employeeTC.employeeAddIdeaTC02" name="@BeforeTest tearup" time="-1.635702882995E9">
    <skipped/>
  </testcase> <!-- @BeforeTest tearup -->
  <testcase classname="employeeTC.registration" name="@BeforeTest tearup" time="-1.635702882996E9">
    <skipped/>
  </testcase> <!-- @BeforeTest tearup -->
  <testcase classname="employeeTC.HomeEmployee" name="@AfterTest teardown" time="-1.635702883048E9">
    <skipped/>
  </testcase> <!-- @AfterTest teardown -->
  <testcase classname="employeeTC.Login" name="@AfterTest teardown" time="-1.635702883049E9">
    <skipped/>
  </testcase> <!-- @AfterTest teardown -->
  <testcase classname="employeeTC.employeeAddIdeaTC02" name="@AfterTest teardown" time="-1.635702883049E9">
    <skipped/>
  </testcase> <!-- @AfterTest teardown -->
  <testcase classname="employeeTC.registration" name="@AfterTest teardown" time="-1.635702883049E9">
    <skipped/>
  </testcase> <!-- @AfterTest teardown -->
  <testcase classname="employeeTC.employeeAddIdeaTC02" name="addIdea" time="0.0">
    <skipped/>
  </testcase> <!-- addIdea -->
  <testcase classname="employeeTC.registration" name="tempEmailcreation" time="0.0">
    <skipped/>
  </testcase> <!-- tempEmailcreation -->
  <testcase classname="employeeTC.Login" name="employeeLogin" time="0.0">
    <skipped/>
  </testcase> <!-- employeeLogin -->
  <testcase classname="employeeTC.HomeEmployee" name="homePagevalidation" time="0.0">
    <skipped/>
  </testcase> <!-- homePagevalidation -->
</testsuite> <!-- Test -->
